============================= test session starts =============================
platform win32 -- Python 3.14.3, pytest-9.0.2, pluggy-1.6.0 -- C:\Program Files\Python314\python.exe
cachedir: .pytest_cache
rootdir: C:\Internship
plugins: anyio-4.12.1, langsmith-0.7.6, asyncio-1.3.0, cov-7.0.0, mock-3.15.1, respx-0.23.0
asyncio: mode=Mode.STRICT, debug=False, asyncio_default_fixture_loop_scope=None, asyncio_default_test_loop_scope=function
collecting ... collected 83 items

tests/test_analysis.py::test_station_frequency PASSED                    [  1%]
tests/test_analysis.py::test_pivot_and_crosstab_reconciliation PASSED    [  2%]
tests/test_analysis.py::test_charts_generated PASSED                     [  3%]
tests/test_audit.py::test_audit_artifacts_exist PASSED                   [  4%]
tests/test_audit.py::test_dataset_completeness PASSED                    [  6%]
tests/test_dataset.py::test_dataset_loading PASSED                       [  7%]
tests/test_dataset.py::test_data_cleaning_no_nulls PASSED                [  8%]
tests/test_dataset.py::test_raw_file_untouched_checksum PASSED           [  9%]
tests/test_dataset.py::test_nanogaon_protection PASSED                   [ 10%]
tests/test_enquiry_system.py::test_enquiry_system_valid PASSED           [ 12%]
tests/test_enquiry_system.py::test_enquiry_system_no_results PASSED      [ 13%]
tests/test_enquiry_system.py::test_enquiry_system_invalid_station PASSED [ 14%]
tests/test_enquiry_system.py::test_enquiry_system_same_station PASSED    [ 15%]
tests/test_enquiry_system.py::test_enquiry_system_normalization PASSED   [ 16%]
tests/test_enquiry_system.py::test_enquiry_system_strict_directionality PASSED [ 18%]
tests/test_foundation.py::test_workspace_structure PASSED                [ 19%]
tests/test_foundation.py::test_raw_dataset_exists PASSED                 [ 20%]
tests/test_foundation.py::test_trackers_exist PASSED                     [ 21%]
tests/test_level1.py::test_task_1_1_shape_and_columns PASSED             [ 22%]
tests/test_level1.py::test_task_1_1_output_artifacts PASSED              [ 24%]
tests/test_level1.py::test_task_1_2_start_end_integrity PASSED           [ 25%]
tests/test_level1.py::test_task_1_3_stops_integrity PASSED               [ 26%]
tests/test_level1.py::test_task_1_4_max_min_stops PASSED                 [ 27%]
tests/test_level2.py::test_task_2_1_artifacts_exist PASSED               [ 28%]
tests/test_level2.py::test_task_2_1_columns_and_counts PASSED            [ 30%]
tests/test_level2.py::test_task_2_1_placeholder_rules_and_counts PASSED  [ 31%]
tests/test_level2.py::test_task_2_1_spot_checks PASSED                   [ 32%]
tests/test_level2.py::test_task_2_2_artifacts_exist PASSED               [ 33%]
tests/test_level2.py::test_task_2_2_structure_and_counts PASSED          [ 34%]
tests/test_level2.py::test_task_2_2_durations_strictly_positive PASSED   [ 36%]
tests/test_level2.py::test_task_2_2_spot_checks PASSED                   [ 37%]
tests/test_level2.py::test_task_2_3_artifacts_exist PASSED               [ 38%]
tests/test_level2.py::test_task_2_3_completeness_and_classes PASSED      [ 39%]
tests/test_level2.py::test_task_2_3_configurable_thresholds PASSED       [ 40%]
tests/test_level2.py::test_task_2_4_artifacts_exist PASSED               [ 42%]
tests/test_level2.py::test_task_2_4_station_frequency_integrity PASSED   [ 43%]
tests/test_level2.py::test_task_2_4_spot_check_and_circular PASSED       [ 44%]
tests/test_level3.py::test_task_3_1_artifacts_exist PASSED               [ 45%]
tests/test_level3.py::test_task_3_1_report_completeness_and_zero_nulls PASSED [ 46%]
tests/test_level3.py::test_task_3_1_placeholder_counts PASSED            [ 48%]
tests/test_level3.py::test_task_3_1_no_silent_deletion_and_nanogaon_protection PASSED [ 49%]
tests/test_level3.py::test_task_3_2_artifacts_exist PASSED               [ 50%]
tests/test_level3.py::test_task_3_2_deduplication_integrity PASSED       [ 51%]
tests/test_level3.py::test_task_3_2_repeat_visits_preserved PASSED       [ 53%]
tests/test_level3.py::test_task_3_3_artifacts_exist PASSED               [ 54%]
tests/test_level3.py::test_task_3_3_validation_integrity_and_bounds PASSED [ 55%]
tests/test_level3.py::test_station_ordering_known_and_synthetic PASSED   [ 56%]
tests/test_level3.py::test_task_3_4_artifacts_exist PASSED               [ 57%]
tests/test_level3.py::test_task_3_4_verified_dataset_integrity PASSED    [ 59%]
tests/test_level3.py::test_task_3_4_raw_dataset_untouched PASSED         [ 60%]
tests/test_level3.py::test_task_3_4_data_quality_summary_reconciliation PASSED [ 61%]
tests/test_level4.py::test_task_4_1_artifacts_exist PASSED               [ 62%]
tests/test_level4.py::test_task_4_1_route_types_present_and_reconciled PASSED [ 63%]
tests/test_level4.py::test_task_4_1_durations_bounds_and_hierarchy PASSED [ 65%]
tests/test_level4.py::test_task_4_1_spot_checks PASSED                   [ 66%]
tests/test_level4.py::test_task_4_2_artifacts_exist PASSED               [ 67%]
tests/test_level4.py::test_task_4_2_high_traffic_integrity_and_existence PASSED [ 68%]
tests/test_level4.py::test_task_4_2_tier_distribution PASSED             [ 69%]
tests/test_level4.py::test_task_4_3_artifacts_exist PASSED               [ 71%]
tests/test_level4.py::test_task_4_4_artifacts_exist PASSED               [ 72%]
tests/test_level4.py::test_task_4_4_summary_content_and_citations PASSED [ 73%]
tests/test_level5.py::test_task_5_1_artifacts_exist PASSED               [ 74%]
tests/test_level5.py::test_task_5_1_pivot_reconciliation_with_task_2_4 PASSED [ 75%]
tests/test_level5.py::test_task_5_1_spot_checks PASSED                   [ 77%]
tests/test_level5.py::test_task_5_2_artifacts_exist PASSED               [ 78%]
tests/test_level5.py::test_task_5_2_crosstab_reconciliation PASSED       [ 79%]
tests/test_level5.py::test_task_5_2_spot_checks PASSED                   [ 80%]
tests/test_level5.py::test_task_5_3_artifacts_exist PASSED               [ 81%]
tests/test_level5.py::test_task_5_4_artifacts_exist PASSED               [ 83%]
tests/test_level5.py::test_task_5_4_content_and_citations PASSED         [ 84%]
tests/test_processing.py::test_duration_calculation_hand_computed_samples PASSED [ 85%]
tests/test_processing.py::test_route_classification PASSED               [ 86%]
tests/test_processing.py::test_station_ordering_validation PASSED        [ 87%]
tests/test_train_enquiry.py::test_task_6_1_artifacts_exist PASSED        [ 89%]
tests/test_train_enquiry.py::test_segment_duration_calculation PASSED    [ 90%]
tests/test_train_enquiry.py::test_engine_initialization PASSED           [ 91%]
tests/test_train_enquiry.py::test_station_resolution PASSED              [ 92%]
tests/test_train_enquiry.py::test_valid_query_with_direct_trains PASSED  [ 93%]
tests/test_train_enquiry.py::test_station_code_vs_name_interchangeability PASSED [ 95%]
tests/test_train_enquiry.py::test_no_direct_trains_query PASSED          [ 96%]
tests/test_train_enquiry.py::test_invalid_station_query PASSED           [ 97%]
tests/test_train_enquiry.py::test_same_source_and_destination_query PASSED [ 98%]
tests/test_train_enquiry.py::test_strict_directionality PASSED           [100%]

============================= 83 passed in 40.37s =============================
